<?xml version="1.0" encoding="UTF-8"?>
<!-- Generated by org.testng.reporters.JUnitReportReporter -->
<testsuite skipped="0" hostname="HYDVMITDEVALBR1" name="gccp.tests.Test1" tests="3" failures="0" timestamp="25 Oct 2018 09:42:38 GMT" time="49.711" errors="0">
  <testcase name="sampleTest1" time="19.782" classname="gccp.tests.Test1"/>
  <testcase name="sampleTest2" time="6.316" classname="gccp.tests.Test1"/>
  <testcase name="sampleTest3" time="23.613" classname="gccp.tests.Test1"/>
</testsuite> <!-- gccp.tests.Test1 -->
